#
# There is insufficient memory for the Java Runtime Environment to continue.
# Native memory allocation (malloc) failed to allocate 32744 bytes. Error detail: Chunk::new
# Possible reasons:
#   The system is out of physical RAM or swap space
#   This process is running with CompressedOops enabled, and the Java Heap may be blocking the growth of the native heap
# Possible solutions:
#   Reduce memory load on the system
#   Increase physical memory or swap space
#   Check if swap backing store is full
#   Decrease Java heap size (-Xmx/-Xms)
#   Decrease number of Java threads
#   Decrease Java thread stack sizes (-Xss)
#   Set larger code cache with -XX:ReservedCodeCacheSize=
#   JVM is running with Zero Based Compressed Oops mode in which the Java heap is
#     placed in the first 32GB address space. The Java Heap base address is the
#     maximum limit for the native heap growth. Please use -XX:HeapBaseMinAddress
#     to set the Java Heap base and to place the Java Heap above 32GB virtual address.
# This output file may be truncated or incomplete.
#
#  Out of Memory Error (arena.cpp:149), pid=14108, tid=4804
#
# JRE version: Java(TM) SE Runtime Environment (23.0.1+11) (build 23.0.1+11-39)
# Java VM: Java HotSpot(TM) 64-Bit Server VM (23.0.1+11-39, mixed mode, tiered, compressed oops, compressed class ptrs, g1 gc, windows-amd64)
# No core dump will be written. Minidumps are not enabled by default on client versions of Windows
#

---------------  S U M M A R Y ------------

Command Line: -javaagent:D:\IntelliJ IDEA 2024.3.1.1\lib\idea_rt.jar=53416:D:\IntelliJ IDEA 2024.3.1.1\bin -Dfile.encoding=UTF-8 -Dsun.stdout.encoding=UTF-8 -Dsun.stderr.encoding=UTF-8 App

Host: 11th Gen Intel(R) Core(TM) i5-1135G7 @ 2.40GHz, 8 cores, 11G,  Windows 11 , 64 bit Build 22000 (10.0.22000.2538)
Time: Wed Dec 25 20:13:47 2024 West Asia Standard Time elapsed time: 0.127085 seconds (0d 0h 0m 0s)

---------------  T H R E A D  ---------------

Current thread (0x0000022158788fa0):  JavaThread "C2 CompilerThread0" daemon [_thread_in_native, id=4804, stack(0x00000051f7d00000,0x00000051f7e00000) (1024K)]


Current CompileTask:
C2:127  134       4       java.lang.String::hashCode (60 bytes)

Stack: [0x00000051f7d00000,0x00000051f7e00000]
Native frames: (J=compiled Java code, j=interpreted, Vv=VM code, C=native code)
V  [jvm.dll+0x6e08b9]  (no source info available)
V  [jvm.dll+0x87dc83]  (no source info available)
V  [jvm.dll+0x88010e]  (no source info available)
V  [jvm.dll+0x8807e3]  (no source info available)
V  [jvm.dll+0x27aee6]  (no source info available)
V  [jvm.dll+0xbc06f]  (no source info available)
V  [jvm.dll+0xbc2cb]  (no source info available)
V  [jvm.dll+0x70b4dc]  (no source info available)
V  [jvm.dll+0x1dc46b]  (no source info available)
V  [jvm.dll+0x244be5]  (no source info available)
V  [jvm.dll+0x243dff]  (no source info available)
V  [jvm.dll+0x1c33a0]  (no source info available)
V  [jvm.dll+0x253cf1]  (no source info available)
V  [jvm.dll+0x251faa]  (no source info available)
V  [jvm.dll+0x3ee036]  (no source info available)
V  [jvm.dll+0x824f8b]  (no source info available)
V  [jvm.dll+0x6df065]  (no source info available)
C  [ucrtbase.dll+0x26c0c]  (no source info available)
C  [KERNEL32.DLL+0x153e0]  (no source info available)
C  [ntdll.dll+0x485b]  (no source info available)

Lock stack of current Java thread (top to bottom):


---------------  P R O C E S S  ---------------

Threads class SMR info:
_java_thread_list=0x00000221588ff910, length=10, elements={
0x000002213a6e8fe0, 0x0000022158766aa0, 0x00000221587986e0, 0x000002215878f750,
0x0000022158784940, 0x0000022158785550, 0x0000022158787170, 0x0000022158788fa0,
0x00000221587bc300, 0x0000022158886cd0
}

Java Threads: ( => current thread )
  0x000002213a6e8fe0 JavaThread "main"                              [_thread_in_vm, id=19604, stack(0x00000051f6f00000,0x00000051f7000000) (1024K)]
  0x0000022158766aa0 JavaThread "Reference Handler"          daemon [_thread_blocked, id=21408, stack(0x00000051f7700000,0x00000051f7800000) (1024K)]
  0x00000221587986e0 JavaThread "Finalizer"                  daemon [_thread_blocked, id=5580, stack(0x00000051f7800000,0x00000051f7900000) (1024K)]
  0x000002215878f750 JavaThread "Signal Dispatcher"          daemon [_thread_blocked, id=25804, stack(0x00000051f7900000,0x00000051f7a00000) (1024K)]
  0x0000022158784940 JavaThread "Attach Listener"            daemon [_thread_blocked, id=17324, stack(0x00000051f7a00000,0x00000051f7b00000) (1024K)]
  0x0000022158785550 JavaThread "Service Thread"             daemon [_thread_blocked, id=22216, stack(0x00000051f7b00000,0x00000051f7c00000) (1024K)]
  0x0000022158787170 JavaThread "Monitor Deflation Thread"   daemon [_thread_blocked, id=12800, stack(0x00000051f7c00000,0x00000051f7d00000) (1024K)]
=>0x0000022158788fa0 JavaThread "C2 CompilerThread0"         daemon [_thread_in_native, id=4804, stack(0x00000051f7d00000,0x00000051f7e00000) (1024K)]
  0x00000221587bc300 JavaThread "C1 CompilerThread0"         daemon [_thread_in_native, id=7952, stack(0x00000051f7e00000,0x00000051f7f00000) (1024K)]
  0x0000022158886cd0 JavaThread "Common-Cleaner"             daemon [_thread_blocked, id=12940, stack(0x00000051f7f00000,0x00000051f8000000) (1024K)]
Total: 10

Other Threads:
  0x0000022158726fa0 VMThread "VM Thread"                           [id=1140, stack(0x00000051f7600000,0x00000051f7700000) (1024K)]
  0x00000221586a5c00 WatcherThread "VM Periodic Task Thread"        [id=14264, stack(0x00000051f7500000,0x00000051f7600000) (1024K)]
  0x000002213a73cf40 WorkerThread "GC Thread#0"                     [id=26460, stack(0x00000051f7000000,0x00000051f7100000) (1024K)]
  0x000002213a74ca60 ConcurrentGCThread "G1 Main Marker"            [id=19936, stack(0x00000051f7100000,0x00000051f7200000) (1024K)]
  0x000002213a74ed20 WorkerThread "G1 Conc#0"                       [id=11808, stack(0x00000051f7200000,0x00000051f7300000) (1024K)]
  0x00000221585730c0 ConcurrentGCThread "G1 Refine#0"               [id=1128, stack(0x00000051f7300000,0x00000051f7400000) (1024K)]
  0x0000022158573c40 ConcurrentGCThread "G1 Service"                [id=1484, stack(0x00000051f7400000,0x00000051f7500000) (1024K)]
Total: 7

Threads with active compile tasks:
C2 CompilerThread0  161  134       4       java.lang.String::hashCode (60 bytes)
C1 CompilerThread0  161  161   !   3       java.util.concurrent.ConcurrentHashMap::putVal (432 bytes)
Total: 2

VM state: not at safepoint (normal execution)

VM Mutex/Monitor currently owned by a thread:  ([mutex/lock_event])
[0x00007ffc9ffd1890] Metaspace_lock - owner thread: 0x000002213a6e8fe0

Heap address: 0x0000000745800000, size: 2984 MB, Compressed Oops mode: Zero based, Oop shift amount: 3

CDS archive(s) not mapped
Compressed class space mapped at: 0x00000000ba000000-0x00000000fa000000, reserved size: 1073741824
Narrow klass base: 0x0000000000000000, Narrow klass shift: 0, Narrow klass range: 0xfa000000

GC Precious Log:
 CardTable entry size: 512
 Card Set container configuration: InlinePtr #cards 4 size 8 Array Of Cards #cards 16 size 48 Howl #buckets 8 coarsen threshold 3686 Howl Bitmap #cards 512 size 80 coarsen threshold 460 Card regions per heap region 1 cards per card region 4096
 CPUs: 8 total, 8 available
 Memory: 11930M
 Large Page Support: Disabled
 NUMA Support: Disabled
 Compressed Oops: Enabled (Zero based)
 Heap Region Size: 2M
 Heap Min Capacity: 8M
 Heap Initial Capacity: 188M
 Heap Max Capacity: 2984M
 Pre-touch: Disabled
 Parallel Workers: 8
 Concurrent Workers: 2
 Concurrent Refinement Workers: 8
 Periodic GC: Disabled

Heap:
 garbage-first heap   total reserved 3055616K, committed 192512K, used 2048K [0x0000000745800000, 0x0000000800000000)
  region size 2048K, 2 young (4096K), 0 survivors (0K)
 Metaspace       used 5723K, committed 5824K, reserved 1114112K
  class space    used 474K, committed 512K, reserved 1048576K

Heap Regions: E=young(eden), S=young(survivor), O=old, HS=humongous(starts), HC=humongous(continues), CS=collection set, F=free, TAMS=top-at-mark-start, PB=parsable bottom
|   0|0x0000000745800000, 0x0000000745800000, 0x0000000745a00000|  0%| F|  |TAMS 0x0000000745800000| PB 0x0000000745800000| Untracked |  0
|   1|0x0000000745a00000, 0x0000000745a00000, 0x0000000745c00000|  0%| F|  |TAMS 0x0000000745a00000| PB 0x0000000745a00000| Untracked |  0
|   2|0x0000000745c00000, 0x0000000745c00000, 0x0000000745e00000|  0%| F|  |TAMS 0x0000000745c00000| PB 0x0000000745c00000| Untracked |  0
|   3|0x0000000745e00000, 0x0000000745e00000, 0x0000000746000000|  0%| F|  |TAMS 0x0000000745e00000| PB 0x0000000745e00000| Untracked |  0
|   4|0x0000000746000000, 0x0000000746000000, 0x0000000746200000|  0%| F|  |TAMS 0x0000000746000000| PB 0x0000000746000000| Untracked |  0
|   5|0x0000000746200000, 0x0000000746200000, 0x0000000746400000|  0%| F|  |TAMS 0x0000000746200000| PB 0x0000000746200000| Untracked |  0
|   6|0x0000000746400000, 0x0000000746400000, 0x0000000746600000|  0%| F|  |TAMS 0x0000000746400000| PB 0x0000000746400000| Untracked |  0
|   7|0x0000000746600000, 0x0000000746600000, 0x0000000746800000|  0%| F|  |TAMS 0x0000000746600000| PB 0x0000000746600000| Untracked |  0
|   8|0x0000000746800000, 0x0000000746800000, 0x0000000746a00000|  0%| F|  |TAMS 0x0000000746800000| PB 0x0000000746800000| Untracked |  0
|   9|0x0000000746a00000, 0x0000000746a00000, 0x0000000746c00000|  0%| F|  |TAMS 0x0000000746a00000| PB 0x0000000746a00000| Untracked |  0
|  10|0x0000000746c00000, 0x0000000746c00000, 0x0000000746e00000|  0%| F|  |TAMS 0x0000000746c00000| PB 0x0000000746c00000| Untracked |  0
|  11|0x0000000746e00000, 0x0000000746e00000, 0x0000000747000000|  0%| F|  |TAMS 0x0000000746e00000| PB 0x0000000746e00000| Untracked |  0
|  12|0x0000000747000000, 0x0000000747000000, 0x0000000747200000|  0%| F|  |TAMS 0x0000000747000000| PB 0x0000000747000000| Untracked |  0
|  13|0x0000000747200000, 0x0000000747200000, 0x0000000747400000|  0%| F|  |TAMS 0x0000000747200000| PB 0x0000000747200000| Untracked |  0
|  14|0x0000000747400000, 0x0000000747400000, 0x0000000747600000|  0%| F|  |TAMS 0x0000000747400000| PB 0x0000000747400000| Untracked |  0
|  15|0x0000000747600000, 0x0000000747600000, 0x0000000747800000|  0%| F|  |TAMS 0x0000000747600000| PB 0x0000000747600000| Untracked |  0
|  16|0x0000000747800000, 0x0000000747800000, 0x0000000747a00000|  0%| F|  |TAMS 0x0000000747800000| PB 0x0000000747800000| Untracked |  0
|  17|0x0000000747a00000, 0x0000000747a00000, 0x0000000747c00000|  0%| F|  |TAMS 0x0000000747a00000| PB 0x0000000747a00000| Untracked |  0
|  18|0x0000000747c00000, 0x0000000747c00000, 0x0000000747e00000|  0%| F|  |TAMS 0x0000000747c00000| PB 0x0000000747c00000| Untracked |  0
|  19|0x0000000747e00000, 0x0000000747e00000, 0x0000000748000000|  0%| F|  |TAMS 0x0000000747e00000| PB 0x0000000747e00000| Untracked |  0
|  20|0x0000000748000000, 0x0000000748000000, 0x0000000748200000|  0%| F|  |TAMS 0x0000000748000000| PB 0x0000000748000000| Untracked |  0
|  21|0x0000000748200000, 0x0000000748200000, 0x0000000748400000|  0%| F|  |TAMS 0x0000000748200000| PB 0x0000000748200000| Untracked |  0
|  22|0x0000000748400000, 0x0000000748400000, 0x0000000748600000|  0%| F|  |TAMS 0x0000000748400000| PB 0x0000000748400000| Untracked |  0
|  23|0x0000000748600000, 0x0000000748600000, 0x0000000748800000|  0%| F|  |TAMS 0x0000000748600000| PB 0x0000000748600000| Untracked |  0
|  24|0x0000000748800000, 0x0000000748800000, 0x0000000748a00000|  0%| F|  |TAMS 0x0000000748800000| PB 0x0000000748800000| Untracked |  0
|  25|0x0000000748a00000, 0x0000000748a00000, 0x0000000748c00000|  0%| F|  |TAMS 0x0000000748a00000| PB 0x0000000748a00000| Untracked |  0
|  26|0x0000000748c00000, 0x0000000748c00000, 0x0000000748e00000|  0%| F|  |TAMS 0x0000000748c00000| PB 0x0000000748c00000| Untracked |  0
|  27|0x0000000748e00000, 0x0000000748e00000, 0x0000000749000000|  0%| F|  |TAMS 0x0000000748e00000| PB 0x0000000748e00000| Untracked |  0
|  28|0x0000000749000000, 0x0000000749000000, 0x0000000749200000|  0%| F|  |TAMS 0x0000000749000000| PB 0x0000000749000000| Untracked |  0
|  29|0x0000000749200000, 0x0000000749200000, 0x0000000749400000|  0%| F|  |TAMS 0x0000000749200000| PB 0x0000000749200000| Untracked |  0
|  30|0x0000000749400000, 0x0000000749400000, 0x0000000749600000|  0%| F|  |TAMS 0x0000000749400000| PB 0x0000000749400000| Untracked |  0
|  31|0x0000000749600000, 0x0000000749600000, 0x0000000749800000|  0%| F|  |TAMS 0x0000000749600000| PB 0x0000000749600000| Untracked |  0
|  32|0x0000000749800000, 0x0000000749800000, 0x0000000749a00000|  0%| F|  |TAMS 0x0000000749800000| PB 0x0000000749800000| Untracked |  0
|  33|0x0000000749a00000, 0x0000000749a00000, 0x0000000749c00000|  0%| F|  |TAMS 0x0000000749a00000| PB 0x0000000749a00000| Untracked |  0
|  34|0x0000000749c00000, 0x0000000749c00000, 0x0000000749e00000|  0%| F|  |TAMS 0x0000000749c00000| PB 0x0000000749c00000| Untracked |  0
|  35|0x0000000749e00000, 0x0000000749e00000, 0x000000074a000000|  0%| F|  |TAMS 0x0000000749e00000| PB 0x0000000749e00000| Untracked |  0
|  36|0x000000074a000000, 0x000000074a000000, 0x000000074a200000|  0%| F|  |TAMS 0x000000074a000000| PB 0x000000074a000000| Untracked |  0
|  37|0x000000074a200000, 0x000000074a200000, 0x000000074a400000|  0%| F|  |TAMS 0x000000074a200000| PB 0x000000074a200000| Untracked |  0
|  38|0x000000074a400000, 0x000000074a400000, 0x000000074a600000|  0%| F|  |TAMS 0x000000074a400000| PB 0x000000074a400000| Untracked |  0
|  39|0x000000074a600000, 0x000000074a600000, 0x000000074a800000|  0%| F|  |TAMS 0x000000074a600000| PB 0x000000074a600000| Untracked |  0
|  40|0x000000074a800000, 0x000000074a800000, 0x000000074aa00000|  0%| F|  |TAMS 0x000000074a800000| PB 0x000000074a800000| Untracked |  0
|  41|0x000000074aa00000, 0x000000074aa00000, 0x000000074ac00000|  0%| F|  |TAMS 0x000000074aa00000| PB 0x000000074aa00000| Untracked |  0
|  42|0x000000074ac00000, 0x000000074ac00000, 0x000000074ae00000|  0%| F|  |TAMS 0x000000074ac00000| PB 0x000000074ac00000| Untracked |  0
|  43|0x000000074ae00000, 0x000000074ae00000, 0x000000074b000000|  0%| F|  |TAMS 0x000000074ae00000| PB 0x000000074ae00000| Untracked |  0
|  44|0x000000074b000000, 0x000000074b000000, 0x000000074b200000|  0%| F|  |TAMS 0x000000074b000000| PB 0x000000074b000000| Untracked |  0
|  45|0x000000074b200000, 0x000000074b200000, 0x000000074b400000|  0%| F|  |TAMS 0x000000074b200000| PB 0x000000074b200000| Untracked |  0
|  46|0x000000074b400000, 0x000000074b400000, 0x000000074b600000|  0%| F|  |TAMS 0x000000074b400000| PB 0x000000074b400000| Untracked |  0
|  47|0x000000074b600000, 0x000000074b600000, 0x000000074b800000|  0%| F|  |TAMS 0x000000074b600000| PB 0x000000074b600000| Untracked |  0
|  48|0x000000074b800000, 0x000000074b800000, 0x000000074ba00000|  0%| F|  |TAMS 0x000000074b800000| PB 0x000000074b800000| Untracked |  0
|  49|0x000000074ba00000, 0x000000074ba00000, 0x000000074bc00000|  0%| F|  |TAMS 0x000000074ba00000| PB 0x000000074ba00000| Untracked |  0
|  50|0x000000074bc00000, 0x000000074bc00000, 0x000000074be00000|  0%| F|  |TAMS 0x000000074bc00000| PB 0x000000074bc00000| Untracked |  0
|  51|0x000000074be00000, 0x000000074be00000, 0x000000074c000000|  0%| F|  |TAMS 0x000000074be00000| PB 0x000000074be00000| Untracked |  0
|  52|0x000000074c000000, 0x000000074c000000, 0x000000074c200000|  0%| F|  |TAMS 0x000000074c000000| PB 0x000000074c000000| Untracked |  0
|  53|0x000000074c200000, 0x000000074c200000, 0x000000074c400000|  0%| F|  |TAMS 0x000000074c200000| PB 0x000000074c200000| Untracked |  0
|  54|0x000000074c400000, 0x000000074c400000, 0x000000074c600000|  0%| F|  |TAMS 0x000000074c400000| PB 0x000000074c400000| Untracked |  0
|  55|0x000000074c600000, 0x000000074c600000, 0x000000074c800000|  0%| F|  |TAMS 0x000000074c600000| PB 0x000000074c600000| Untracked |  0
|  56|0x000000074c800000, 0x000000074c800000, 0x000000074ca00000|  0%| F|  |TAMS 0x000000074c800000| PB 0x000000074c800000| Untracked |  0
|  57|0x000000074ca00000, 0x000000074ca00000, 0x000000074cc00000|  0%| F|  |TAMS 0x000000074ca00000| PB 0x000000074ca00000| Untracked |  0
|  58|0x000000074cc00000, 0x000000074cc00000, 0x000000074ce00000|  0%| F|  |TAMS 0x000000074cc00000| PB 0x000000074cc00000| Untracked |  0
|  59|0x000000074ce00000, 0x000000074ce00000, 0x000000074d000000|  0%| F|  |TAMS 0x000000074ce00000| PB 0x000000074ce00000| Untracked |  0
|  60|0x000000074d000000, 0x000000074d000000, 0x000000074d200000|  0%| F|  |TAMS 0x000000074d000000| PB 0x000000074d000000| Untracked |  0
|  61|0x000000074d200000, 0x000000074d200000, 0x000000074d400000|  0%| F|  |TAMS 0x000000074d200000| PB 0x000000074d200000| Untracked |  0
|  62|0x000000074d400000, 0x000000074d400000, 0x000000074d600000|  0%| F|  |TAMS 0x000000074d400000| PB 0x000000074d400000| Untracked |  0
|  63|0x000000074d600000, 0x000000074d600000, 0x000000074d800000|  0%| F|  |TAMS 0x000000074d600000| PB 0x000000074d600000| Untracked |  0
|  64|0x000000074d800000, 0x000000074d800000, 0x000000074da00000|  0%| F|  |TAMS 0x000000074d800000| PB 0x000000074d800000| Untracked |  0
|  65|0x000000074da00000, 0x000000074da00000, 0x000000074dc00000|  0%| F|  |TAMS 0x000000074da00000| PB 0x000000074da00000| Untracked |  0
|  66|0x000000074dc00000, 0x000000074dc00000, 0x000000074de00000|  0%| F|  |TAMS 0x000000074dc00000| PB 0x000000074dc00000| Untracked |  0
|  67|0x000000074de00000, 0x000000074de00000, 0x000000074e000000|  0%| F|  |TAMS 0x000000074de00000| PB 0x000000074de00000| Untracked |  0
|  68|0x000000074e000000, 0x000000074e000000, 0x000000074e200000|  0%| F|  |TAMS 0x000000074e000000| PB 0x000000074e000000| Untracked |  0
|  69|0x000000074e200000, 0x000000074e200000, 0x000000074e400000|  0%| F|  |TAMS 0x000000074e200000| PB 0x000000074e200000| Untracked |  0
|  70|0x000000074e400000, 0x000000074e400000, 0x000000074e600000|  0%| F|  |TAMS 0x000000074e400000| PB 0x000000074e400000| Untracked |  0
|  71|0x000000074e600000, 0x000000074e600000, 0x000000074e800000|  0%| F|  |TAMS 0x000000074e600000| PB 0x000000074e600000| Untracked |  0
|  72|0x000000074e800000, 0x000000074e800000, 0x000000074ea00000|  0%| F|  |TAMS 0x000000074e800000| PB 0x000000074e800000| Untracked |  0
|  73|0x000000074ea00000, 0x000000074ea00000, 0x000000074ec00000|  0%| F|  |TAMS 0x000000074ea00000| PB 0x000000074ea00000| Untracked |  0
|  74|0x000000074ec00000, 0x000000074ec00000, 0x000000074ee00000|  0%| F|  |TAMS 0x000000074ec00000| PB 0x000000074ec00000| Untracked |  0
|  75|0x000000074ee00000, 0x000000074ee00000, 0x000000074f000000|  0%| F|  |TAMS 0x000000074ee00000| PB 0x000000074ee00000| Untracked |  0
|  76|0x000000074f000000, 0x000000074f000000, 0x000000074f200000|  0%| F|  |TAMS 0x000000074f000000| PB 0x000000074f000000| Untracked |  0
|  77|0x000000074f200000, 0x000000074f200000, 0x000000074f400000|  0%| F|  |TAMS 0x000000074f200000| PB 0x000000074f200000| Untracked |  0
|  78|0x000000074f400000, 0x000000074f400000, 0x000000074f600000|  0%| F|  |TAMS 0x000000074f400000| PB 0x000000074f400000| Untracked |  0
|  79|0x000000074f600000, 0x000000074f600000, 0x000000074f800000|  0%| F|  |TAMS 0x000000074f600000| PB 0x000000074f600000| Untracked |  0
|  80|0x000000074f800000, 0x000000074f800000, 0x000000074fa00000|  0%| F|  |TAMS 0x000000074f800000| PB 0x000000074f800000| Untracked |  0
|  81|0x000000074fa00000, 0x000000074fa00000, 0x000000074fc00000|  0%| F|  |TAMS 0x000000074fa00000| PB 0x000000074fa00000| Untracked |  0
|  82|0x000000074fc00000, 0x000000074fc00000, 0x000000074fe00000|  0%| F|  |TAMS 0x000000074fc00000| PB 0x000000074fc00000| Untracked |  0
|  83|0x000000074fe00000, 0x000000074fe00000, 0x0000000750000000|  0%| F|  |TAMS 0x000000074fe00000| PB 0x000000074fe00000| Untracked |  0
|  84|0x0000000750000000, 0x0000000750000000, 0x0000000750200000|  0%| F|  |TAMS 0x0000000750000000| PB 0x0000000750000000| Untracked |  0
|  85|0x0000000750200000, 0x0000000750200000, 0x0000000750400000|  0%| F|  |TAMS 0x0000000750200000| PB 0x0000000750200000| Untracked |  0
|  86|0x0000000750400000, 0x0000000750400000, 0x0000000750600000|  0%| F|  |TAMS 0x0000000750400000| PB 0x0000000750400000| Untracked |  0
|  87|0x0000000750600000, 0x0000000750600000, 0x0000000750800000|  0%| F|  |TAMS 0x0000000750600000| PB 0x0000000750600000| Untracked |  0
|  88|0x0000000750800000, 0x0000000750800000, 0x0000000750a00000|  0%| F|  |TAMS 0x0000000750800000| PB 0x0000000750800000| Untracked |  0
|  89|0x0000000750a00000, 0x0000000750a00000, 0x0000000750c00000|  0%| F|  |TAMS 0x0000000750a00000| PB 0x0000000750a00000| Untracked |  0
|  90|0x0000000750c00000, 0x0000000750c00000, 0x0000000750e00000|  0%| F|  |TAMS 0x0000000750c00000| PB 0x0000000750c00000| Untracked |  0
|  91|0x0000000750e00000, 0x0000000750e00000, 0x0000000751000000|  0%| F|  |TAMS 0x0000000750e00000| PB 0x0000000750e00000| Untracked |  0
|  92|0x0000000751000000, 0x000000075107ae30, 0x0000000751200000| 24%| E|  |TAMS 0x0000000751000000| PB 0x0000000751000000| Complete |  0
|  93|0x0000000751200000, 0x0000000751400000, 0x0000000751400000|100%| E|CS|TAMS 0x0000000751200000| PB 0x0000000751200000| Complete |  0

Card table byte_map: [0x0000022152840000,0x0000022152e20000] _byte_map_base: 0x000002214ee14000

Marking Bits: (CMBitMap*) 0x000002213a73d650
 Bits: [0x0000022152e20000, 0x0000022155cc0000)

Polling page: 0x0000022138530000

Metaspace:

Usage:
  Non-class:      5.13 MB used.
      Class:    474.70 KB used.
       Both:      5.59 MB used.

Virtual space:
  Non-class space:       64.00 MB reserved,       5.19 MB (  8%) committed,  1 nodes.
      Class space:        1.00 GB reserved,     512.00 KB ( <1%) committed,  1 nodes.
             Both:        1.06 GB reserved,       5.69 MB ( <1%) committed. 

Chunk freelists:
   Non-Class:  10.50 MB
       Class:  15.53 MB
        Both:  26.02 MB

MaxMetaspaceSize: unlimited
CompressedClassSpaceSize: 1.00 GB
Initial GC threshold: 21.00 MB
Current GC threshold: 21.00 MB
CDS: off
 - commit_granule_bytes: 65536.
 - commit_granule_words: 8192.
 - virtual_space_node_default_size: 8388608.
 - enlarge_chunks_in_place: 1.
 - use_allocation_guard: 0.


Internal statistics:

num_allocs_failed_limit: 0.
num_arena_births: 6.
num_arena_deaths: 0.
num_vsnodes_births: 2.
num_vsnodes_deaths: 0.
num_space_committed: 91.
num_space_uncommitted: 0.
num_chunks_returned_to_freelist: 0.
num_chunks_taken_from_freelist: 12.
num_chunk_merges: 0.
num_chunk_splits: 6.
num_chunks_enlarged: 2.
num_inconsistent_stats: 0.

CodeHeap 'non-profiled nmethods': size=120064Kb used=49Kb max_used=49Kb free=120014Kb
 bounds [0x000002214a8e0000, 0x000002214ab50000, 0x0000022151e20000]
CodeHeap 'profiled nmethods': size=120000Kb used=124Kb max_used=124Kb free=119875Kb
 bounds [0x0000022142e20000, 0x0000022143090000, 0x000002214a350000]
CodeHeap 'non-nmethods': size=5696Kb used=1323Kb max_used=1332Kb free=4372Kb
 bounds [0x000002214a350000, 0x000002214a5c0000, 0x000002214a8e0000]
CodeCache: size=245760Kb, used=1496Kb, max_used=1505Kb, free=244261Kb
 total_blobs=526, nmethods=156, adapters=276, full_count=0
Compilation: enabled, stopped_count=0, restarted_count=0

Compilation events (20 events):
Event: 0.125 Thread 0x00000221587bc300 nmethod 124 0x000002214a8e9b08 code [0x000002214a8e9c20, 0x000002214a8e9cf0]
Event: 0.125 Thread 0x00000221587bc300  126       1       java.util.HashMap$Node::getKey (5 bytes)
Event: 0.125 Thread 0x00000221587bc300 nmethod 126 0x000002214a8e9e08 code [0x000002214a8e9f20, 0x000002214a8e9ff0]
Event: 0.125 Thread 0x00000221587bc300  127       1       java.util.HashMap$Node::getValue (5 bytes)
Event: 0.125 Thread 0x00000221587bc300 nmethod 127 0x000002214a8ea108 code [0x000002214a8ea220, 0x000002214a8ea2f0]
Event: 0.125 Thread 0x00000221587bc300  122       1       java.lang.module.ModuleDescriptor::requires (5 bytes)
Event: 0.125 Thread 0x00000221587bc300 nmethod 122 0x000002214a8ea408 code [0x000002214a8ea520, 0x000002214a8ea5f0]
Event: 0.125 Thread 0x00000221587bc300  131       3       java.lang.module.ModuleDescriptor$Exports::isQualified (18 bytes)
Event: 0.125 Thread 0x00000221587bc300 nmethod 131 0x0000022142e39e08 code [0x0000022142e39f40, 0x0000022142e3a158]
Event: 0.125 Thread 0x00000221587bc300  133       3       java.util.ImmutableCollections$SetN::isEmpty (13 bytes)
Event: 0.125 Thread 0x00000221587bc300 nmethod 133 0x0000022142e3a188 code [0x0000022142e3a2a0, 0x0000022142e3a3f8]
Event: 0.125 Thread 0x00000221587bc300  135       3       java.util.HashMap::putIfAbsent (13 bytes)
Event: 0.125 Thread 0x00000221587bc300 nmethod 135 0x0000022142e3a488 code [0x0000022142e3a5c0, 0x0000022142e3a8b8]
Event: 0.125 Thread 0x00000221587bc300  129       1       java.lang.module.ModuleDescriptor$Exports::source (5 bytes)
Event: 0.125 Thread 0x00000221587bc300 nmethod 129 0x000002214a8ea708 code [0x000002214a8ea820, 0x000002214a8ea8f0]
Event: 0.125 Thread 0x00000221587bc300  130       1       java.lang.module.ModuleDescriptor$Exports::targets (5 bytes)
Event: 0.125 Thread 0x00000221587bc300 nmethod 130 0x000002214a8eaa08 code [0x000002214a8eab20, 0x000002214a8eabf0]
Event: 0.125 Thread 0x00000221587bc300  137       3       java.util.ImmutableCollections$Set12::contains (28 bytes)
Event: 0.125 Thread 0x00000221587bc300 nmethod 137 0x0000022142e3a908 code [0x0000022142e3aa40, 0x0000022142e3ad60]
Event: 0.125 Thread 0x00000221587bc300  142       3       java.util.HashMap::resize (356 bytes)

GC Heap History (0 events):
No events

Dll operation events (2 events):
Event: 0.013 Loaded shared library C:\Program Files\Java\jdk-23\bin\java.dll
Event: 0.073 Loaded shared library C:\Program Files\Java\jdk-23\bin\jsvml.dll

Deoptimization events (0 events):
No events

Classes loaded (20 events):
Event: 0.122 Loading class java/lang/ModuleLayer
Event: 0.122 Loading class java/lang/ModuleLayer done
Event: 0.122 Loading class java/util/HashMap$Values
Event: 0.122 Loading class java/util/HashMap$Values done
Event: 0.122 Loading class java/util/HashMap$ValueIterator
Event: 0.122 Loading class java/util/HashMap$ValueIterator done
Event: 0.122 Loading class java/util/LinkedHashSet
Event: 0.122 Loading class java/util/SequencedSet
Event: 0.122 Loading class java/util/SequencedSet done
Event: 0.122 Loading class java/util/LinkedHashSet done
Event: 0.123 Loading class java/util/LinkedHashMap
Event: 0.123 Loading class java/util/SequencedMap
Event: 0.123 Loading class java/util/SequencedMap done
Event: 0.123 Loading class java/util/LinkedHashMap done
Event: 0.123 Loading class java/util/Collections$UnmodifiableCollection$1
Event: 0.123 Loading class java/util/Collections$UnmodifiableCollection$1 done
Event: 0.123 Loading class jdk/internal/module/ModuleReferenceImpl$CachedHash
Event: 0.123 Loading class jdk/internal/module/ModuleReferenceImpl$CachedHash done
Event: 0.123 Loading class java/lang/module/ResolvedModule
Event: 0.123 Loading class java/lang/module/ResolvedModule done

Classes unloaded (0 events):
No events

Classes redefined (0 events):
No events

Internal exceptions (0 events):
No events

VM Operations (2 events):
Event: 0.123 Executing VM operation: HandshakeAllThreads (Deoptimize)
Event: 0.123 Executing VM operation: HandshakeAllThreads (Deoptimize) done

Memory protections (0 events):
No events

Nmethod flushes (0 events):
No events

Events (10 events):
Event: 0.030 Thread 0x000002213a6e8fe0 Thread added: 0x000002213a6e8fe0
Event: 0.069 Thread 0x000002213a6e8fe0 Thread added: 0x0000022158766aa0
Event: 0.069 Thread 0x000002213a6e8fe0 Thread added: 0x00000221587986e0
Event: 0.070 Thread 0x000002213a6e8fe0 Thread added: 0x000002215878f750
Event: 0.070 Thread 0x000002213a6e8fe0 Thread added: 0x0000022158784940
Event: 0.070 Thread 0x000002213a6e8fe0 Thread added: 0x0000022158785550
Event: 0.070 Thread 0x000002213a6e8fe0 Thread added: 0x0000022158787170
Event: 0.070 Thread 0x000002213a6e8fe0 Thread added: 0x0000022158788fa0
Event: 0.070 Thread 0x000002213a6e8fe0 Thread added: 0x00000221587bc300
Event: 0.112 Thread 0x000002213a6e8fe0 Thread added: 0x0000022158886cd0


Dynamic libraries:
0x00007ff689e20000 - 0x00007ff689e30000 	C:\Program Files\Java\jdk-23\bin\java.exe
0x00007ffd1d900000 - 0x00007ffd1db09000 	C:\windows\SYSTEM32\ntdll.dll
0x00007ffd1c250000 - 0x00007ffd1c30d000 	C:\windows\System32\KERNEL32.DLL
0x00007ffd1b120000 - 0x00007ffd1b4a4000 	C:\windows\System32\KERNELBASE.dll
0x00007ffd17cd0000 - 0x00007ffd17d62000 	C:\windows\SYSTEM32\apphelp.dll
0x00007ffd1ae60000 - 0x00007ffd1af71000 	C:\windows\System32\ucrtbase.dll
0x00007ffcfc490000 - 0x00007ffcfc4ab000 	C:\Program Files\Java\jdk-23\bin\VCRUNTIME140.dll
0x00007ffcf5fa0000 - 0x00007ffcf5fb7000 	C:\Program Files\Java\jdk-23\bin\jli.dll
0x00007ffd1be70000 - 0x00007ffd1c01d000 	C:\windows\System32\USER32.dll
0x00007ffd1ad90000 - 0x00007ffd1adb6000 	C:\windows\System32\win32u.dll
0x00007ffcfde90000 - 0x00007ffcfe135000 	C:\windows\WinSxS\amd64_microsoft.windows.common-controls_6595b64144ccf1df_6.0.22000.120_none_9d947278b86cc467\COMCTL32.dll
0x00007ffd1d740000 - 0x00007ffd1d76a000 	C:\windows\System32\GDI32.dll
0x00007ffd1c020000 - 0x00007ffd1c0c3000 	C:\windows\System32\msvcrt.dll
0x00007ffd1b000000 - 0x00007ffd1b11e000 	C:\windows\System32\gdi32full.dll
0x00007ffd1adc0000 - 0x00007ffd1ae5d000 	C:\windows\System32\msvcp_win.dll
0x00007ffd1d880000 - 0x00007ffd1d8b1000 	C:\windows\System32\IMM32.DLL
0x00007ffd13000000 - 0x00007ffd1300c000 	C:\Program Files\Java\jdk-23\bin\vcruntime140_1.dll
0x00007ffcd7570000 - 0x00007ffcd75fe000 	C:\Program Files\Java\jdk-23\bin\msvcp140.dll
0x00007ffc9f360000 - 0x00007ffca00af000 	C:\Program Files\Java\jdk-23\bin\server\jvm.dll
0x00007ffd1c0d0000 - 0x00007ffd1c17e000 	C:\windows\System32\ADVAPI32.dll
0x00007ffd1d3d0000 - 0x00007ffd1d46e000 	C:\windows\System32\sechost.dll
0x00007ffd1bd40000 - 0x00007ffd1be61000 	C:\windows\System32\RPCRT4.dll
0x00007ffd1b750000 - 0x00007ffd1b7bf000 	C:\windows\System32\WS2_32.dll
0x00007ffd197b0000 - 0x00007ffd197fd000 	C:\windows\SYSTEM32\POWRPROF.dll
0x00007ffd10910000 - 0x00007ffd10943000 	C:\windows\SYSTEM32\WINMM.dll
0x00007ffd11b60000 - 0x00007ffd11b6a000 	C:\windows\SYSTEM32\VERSION.dll
0x00007ffd19790000 - 0x00007ffd197a3000 	C:\windows\SYSTEM32\UMPDC.dll
0x00007ffd19ef0000 - 0x00007ffd19f08000 	C:\windows\SYSTEM32\kernel.appcore.dll
0x00007ffcf72e0000 - 0x00007ffcf72ea000 	C:\Program Files\Java\jdk-23\bin\jimage.dll
0x00007ffd18820000 - 0x00007ffd18a41000 	C:\windows\SYSTEM32\DBGHELP.DLL
0x00007ffcfd5d0000 - 0x00007ffcfd601000 	C:\windows\SYSTEM32\dbgcore.DLL
0x00007ffd1af80000 - 0x00007ffd1afff000 	C:\windows\System32\bcryptPrimitives.dll
0x00007ffcf71c0000 - 0x00007ffcf71cf000 	C:\Program Files\Java\jdk-23\bin\instrument.dll
0x00007ffcee470000 - 0x00007ffcee48e000 	C:\Program Files\Java\jdk-23\bin\java.dll
0x00007ffd1d480000 - 0x00007ffd1d61a000 	C:\windows\System32\ole32.dll
0x00007ffd1d050000 - 0x00007ffd1d3c6000 	C:\windows\System32\combase.dll
0x00007ffd1c880000 - 0x00007ffd1d045000 	C:\windows\System32\SHELL32.dll
0x00007ffd18e60000 - 0x00007ffd196c2000 	C:\windows\SYSTEM32\windows.storage.dll
0x00007ffd18cf0000 - 0x00007ffd18e57000 	C:\windows\SYSTEM32\wintypes.dll
0x00007ffd1c470000 - 0x00007ffd1c55a000 	C:\windows\System32\SHCORE.dll
0x00007ffd1c180000 - 0x00007ffd1c1dd000 	C:\windows\System32\shlwapi.dll
0x00007ffd1acc0000 - 0x00007ffd1ace5000 	C:\windows\SYSTEM32\profapi.dll
0x00007ffcd5e40000 - 0x00007ffcd5f17000 	C:\Program Files\Java\jdk-23\bin\jsvml.dll
0x00007ffcedc20000 - 0x00007ffcedc37000 	C:\Program Files\Java\jdk-23\bin\zip.dll

dbghelp: loaded successfully - version: 4.0.5 - missing functions: none
symbol engine: initialized successfully - sym options: 0x614 - pdb path: .;C:\Program Files\Java\jdk-23\bin;C:\windows\SYSTEM32;C:\windows\WinSxS\amd64_microsoft.windows.common-controls_6595b64144ccf1df_6.0.22000.120_none_9d947278b86cc467;C:\Program Files\Java\jdk-23\bin\server

VM Arguments:
jvm_args: -javaagent:D:\IntelliJ IDEA 2024.3.1.1\lib\idea_rt.jar=53416:D:\IntelliJ IDEA 2024.3.1.1\bin -Dfile.encoding=UTF-8 -Dsun.stdout.encoding=UTF-8 -Dsun.stderr.encoding=UTF-8 
java_command: App
java_class_path (initial): D:\java\1-projects\out\production\1-projects
Launcher Type: SUN_STANDARD

[Global flags]
     intx CICompilerCount                          = 4                                         {product} {ergonomic}
     uint ConcGCThreads                            = 2                                         {product} {ergonomic}
     uint G1ConcRefinementThreads                  = 8                                         {product} {ergonomic}
   size_t G1HeapRegionSize                         = 2097152                                   {product} {ergonomic}
   size_t InitialHeapSize                          = 197132288                                 {product} {ergonomic}
   size_t MarkStackSize                            = 4194304                                   {product} {ergonomic}
   size_t MarkStackSizeMax                         = 536870912                                 {product} {ergonomic}
   size_t MaxHeapSize                              = 3128950784                                {product} {ergonomic}
   size_t MaxNewSize                               = 1876951040                                {product} {ergonomic}
   size_t MinHeapDeltaBytes                        = 2097152                                   {product} {ergonomic}
   size_t MinHeapSize                              = 8388608                                   {product} {ergonomic}
    uintx NonNMethodCodeHeapSize                   = 5832704                                {pd product} {ergonomic}
    uintx NonProfiledCodeHeapSize                  = 122945536                              {pd product} {ergonomic}
    uintx ProfiledCodeHeapSize                     = 122880000                              {pd product} {ergonomic}
    uintx ReservedCodeCacheSize                    = 251658240                              {pd product} {ergonomic}
     bool SegmentedCodeCache                       = true                                      {product} {ergonomic}
   size_t SoftMaxHeapSize                          = 3128950784                             {manageable} {ergonomic}
     bool UseCompressedOops                        = true                           {product lp64_product} {ergonomic}
     bool UseG1GC                                  = true                                      {product} {ergonomic}
     bool UseLargePagesIndividualAllocation        = false                                  {pd product} {ergonomic}

Logging:
Log output configuration:
 #0: stdout all=warning uptime,level,tags foldmultilines=false
 #1: stderr all=off uptime,level,tags foldmultilines=false

Environment Variables:
PATH=C:\Program Files\Common Files\Oracle\Java\javapath;C:\windows\system32;C:\windows;C:\windows\System32\Wbem;C:\windows\System32\WindowsPowerShell\v1.0\;C:\windows\System32\OpenSSH\;C:\Program Files\Microsoft\Web Platform Installer\;C:\Program Files\Git\cmd;C:\Program Files\HP\HP One Agent;C:\Program Files\nodejs\;C:\Users\Xushn\AppData\Local\Microsoft\WindowsApps;;C:\Users\Xushn\AppData\Local\Programs\Microsoft VS Code\bin;C:\Users\Xushn\AppData\Roaming\npm
USERNAME=Xushn
OS=Windows_NT
PROCESSOR_IDENTIFIER=Intel64 Family 6 Model 140 Stepping 1, GenuineIntel
TMP=C:\Users\Xushn\AppData\Local\Temp
TEMP=C:\Users\Xushn\AppData\Local\Temp




Periodic native trim disabled

---------------  S Y S T E M  ---------------

OS:
 Windows 11 , 64 bit Build 22000 (10.0.22000.2538)
OS uptime: 8 days 4:41 hours

CPU: total 8 (initial active 8) (4 cores per cpu, 2 threads per core) family 6 model 140 stepping 1 microcode 0x9a, cx8, cmov, fxsr, ht, mmx, 3dnowpref, sse, sse2, sse3, ssse3, sse4.1, sse4.2, popcnt, lzcnt, tsc, tscinvbit, avx, avx2, aes, erms, clmul, bmi1, bmi2, adx, avx512f, avx512dq, avx512cd, avx512bw, avx512vl, sha, fma, vzeroupper, avx512_vpopcntdq, avx512_vpclmulqdq, avx512_vaes, avx512_vnni, clflush, clflushopt, clwb, avx512_vbmi2, avx512_vbmi, rdtscp, rdpid, fsrm, gfni, avx512_bitalg, f16c, pku, cet_ibt, cet_ss, avx512_ifma
Processor Information for processor 0
  Max Mhz: 2401, Current Mhz: 1500, Mhz Limit: 2401
Processor Information for processor 1
  Max Mhz: 2401, Current Mhz: 1500, Mhz Limit: 2401
Processor Information for processor 2
  Max Mhz: 2401, Current Mhz: 2401, Mhz Limit: 2401
Processor Information for processor 3
  Max Mhz: 2401, Current Mhz: 2401, Mhz Limit: 2401
Processor Information for processor 4
  Max Mhz: 2401, Current Mhz: 2401, Mhz Limit: 2401
Processor Information for processor 5
  Max Mhz: 2401, Current Mhz: 1500, Mhz Limit: 2401
Processor Information for processor 6
  Max Mhz: 2401, Current Mhz: 2401, Mhz Limit: 2401
Processor Information for processor 7
  Max Mhz: 2401, Current Mhz: 2401, Mhz Limit: 2401

Memory: 4k page, system-wide physical 11930M (1672M free)
TotalPageFile size 13541M (AvailPageFile size 263M)
current process WorkingSet (physical memory assigned to process): 33M, peak: 33M
current process commit charge ("private bytes"): 264M, peak: 266M

vm_info: Java HotSpot(TM) 64-Bit Server VM (23.0.1+11-39) for windows-amd64 JRE (23.0.1+11-39), built on 2024-09-30T07:20:43Z with MS VC++ 17.6 (VS2022)

END.
