#
# There is insufficient memory for the Java Runtime Environment to continue.
# Native memory allocation (mmap) failed to map 197132288 bytes. Error detail: G1 virtual space
# Possible reasons:
#   The system is out of physical RAM or swap space
#   This process is running with CompressedOops enabled, and the Java Heap may be blocking the growth of the native heap
# Possible solutions:
#   Reduce memory load on the system
#   Increase physical memory or swap space
#   Check if swap backing store is full
#   Decrease Java heap size (-Xmx/-Xms)
#   Decrease number of Java threads
#   Decrease Java thread stack sizes (-Xss)
#   Set larger code cache with -XX:ReservedCodeCacheSize=
#   JVM is running with Zero Based Compressed Oops mode in which the Java heap is
#     placed in the first 32GB address space. The Java Heap base address is the
#     maximum limit for the native heap growth. Please use -XX:HeapBaseMinAddress
#     to set the Java Heap base and to place the Java Heap above 32GB virtual address.
# This output file may be truncated or incomplete.
#
#  Out of Memory Error (os_windows.cpp:3703), pid=19888, tid=25932
#
# JRE version:  (23.0.1+11) (build )
# Java VM: Java HotSpot(TM) 64-Bit Server VM (23.0.1+11-39, mixed mode, sharing, tiered, compressed oops, compressed class ptrs, g1 gc, windows-amd64)
# No core dump will be written. Minidumps are not enabled by default on client versions of Windows
#

---------------  S U M M A R Y ------------

Command Line: -javaagent:D:\IntelliJ IDEA 2024.3.1.1\lib\idea_rt.jar=62901:D:\IntelliJ IDEA 2024.3.1.1\bin -Dfile.encoding=UTF-8 -Dsun.stdout.encoding=UTF-8 -Dsun.stderr.encoding=UTF-8 App

Host: 11th Gen Intel(R) Core(TM) i5-1135G7 @ 2.40GHz, 8 cores, 11G,  Windows 11 , 64 bit Build 22000 (10.0.22000.2538)
Time: Wed Dec 25 20:25:57 2024 West Asia Standard Time elapsed time: 0.030563 seconds (0d 0h 0m 0s)

---------------  T H R E A D  ---------------

Current thread (0x000001994c6398d0):  JavaThread "Unknown thread" [_thread_in_vm, id=25932, stack(0x000000125d000000,0x000000125d100000) (1024K)]

Stack: [0x000000125d000000,0x000000125d100000]
Native frames: (J=compiled Java code, j=interpreted, Vv=VM code, C=native code)
V  [jvm.dll+0x6e08b9]  (no source info available)
V  [jvm.dll+0x87dc83]  (no source info available)
V  [jvm.dll+0x88010e]  (no source info available)
V  [jvm.dll+0x8807e3]  (no source info available)
V  [jvm.dll+0x27aee6]  (no source info available)
V  [jvm.dll+0x6dd1c5]  (no source info available)
V  [jvm.dll+0x6d104a]  (no source info available)
V  [jvm.dll+0x35b3ea]  (no source info available)
V  [jvm.dll+0x3637f6]  (no source info available)
V  [jvm.dll+0x34fd5e]  (no source info available)
V  [jvm.dll+0x34fff8]  (no source info available)
V  [jvm.dll+0x3289cc]  (no source info available)
V  [jvm.dll+0x32966e]  (no source info available)
V  [jvm.dll+0x844355]  (no source info available)
V  [jvm.dll+0x3b9848]  (no source info available)
V  [jvm.dll+0x82d14c]  (no source info available)
V  [jvm.dll+0x454d4e]  (no source info available)
V  [jvm.dll+0x456bd1]  (no source info available)
C  [jli.dll+0x52a3]  (no source info available)
C  [ucrtbase.dll+0x26c0c]  (no source info available)
C  [KERNEL32.DLL+0x153e0]  (no source info available)
C  [ntdll.dll+0x485b]  (no source info available)

Lock stack of current Java thread (top to bottom):


---------------  P R O C E S S  ---------------

Threads class SMR info:
_java_thread_list=0x00007ffc9ff53618, length=0, elements={
}

Java Threads: ( => current thread )
Total: 0

Other Threads:
  0x000001994c68d720 WorkerThread "GC Thread#0"                     [id=15196, stack(0x000000125d100000,0x000000125d200000) (1024K)]
  0x000001994c69d240 ConcurrentGCThread "G1 Main Marker"            [id=16900, stack(0x000000125d200000,0x000000125d300000) (1024K)]
  0x000001994c69f500 WorkerThread "G1 Conc#0"                       [id=14416, stack(0x000000125d300000,0x000000125d400000) (1024K)]

[error occurred during error reporting (printing all threads), id 0xc0000005, EXCEPTION_ACCESS_VIOLATION (0xc0000005) at pc=0x00007ffc9f69bfba]
VM state: not at safepoint (not fully initialized)

VM Mutex/Monitor currently owned by a thread:  ([mutex/lock_event])
[0x00007ffc9ffd3a10] Heap_lock - owner thread: 0x000001994c6398d0

Heap address: 0x0000000745800000, size: 2984 MB, Compressed Oops mode: Zero based, Oop shift amount: 3

CDS archive(s) mapped at: [0x0000000000000000-0x0000000000000000-0x0000000000000000), size 0, SharedBaseAddress: 0x0000000800000000, ArchiveRelocationMode: 1.
Narrow klass base: 0x0000000000000000, Narrow klass shift: 0, Narrow klass range: 0x0

GC Precious Log:
 CardTable entry size: 512
 Card Set container configuration: InlinePtr #cards 4 size 8 Array Of Cards #cards 16 size 48 Howl #buckets 8 coarsen threshold 3686 Howl Bitmap #cards 512 size 80 coarsen threshold 460 Card regions per heap region 1 cards per card region 4096

Heap:
 garbage-first heap   total reserved 3055616K, committed 0K, used 0K [0x0000000745800000, 0x0000000800000000)
  region size 2048K, 0 young (0K), 0 survivors (0K)

[error occurred during error reporting (printing heap information), id 0xc0000005, EXCEPTION_ACCESS_VIOLATION (0xc0000005) at pc=0x00007ffc9fa9c3c9]
GC Heap History (0 events):
No events

Dll operation events (1 events):
Event: 0.016 Loaded shared library C:\Program Files\Java\jdk-23\bin\java.dll

Deoptimization events (0 events):
No events

Classes loaded (0 events):
No events

Classes unloaded (0 events):
No events

Classes redefined (0 events):
No events

Internal exceptions (0 events):
No events

VM Operations (0 events):
No events

Memory protections (0 events):
No events

Nmethod flushes (0 events):
No events

Events (0 events):
No events


Dynamic libraries:
0x00007ff689e20000 - 0x00007ff689e30000 	C:\Program Files\Java\jdk-23\bin\java.exe
0x00007ffd1d900000 - 0x00007ffd1db09000 	C:\windows\SYSTEM32\ntdll.dll
0x00007ffd1c250000 - 0x00007ffd1c30d000 	C:\windows\System32\KERNEL32.DLL
0x00007ffd1b120000 - 0x00007ffd1b4a4000 	C:\windows\System32\KERNELBASE.dll
0x00007ffd17cd0000 - 0x00007ffd17d62000 	C:\windows\SYSTEM32\apphelp.dll
0x00007ffd1ae60000 - 0x00007ffd1af71000 	C:\windows\System32\ucrtbase.dll
0x00007ffcee470000 - 0x00007ffcee487000 	C:\Program Files\Java\jdk-23\bin\jli.dll
0x00007ffcf5fa0000 - 0x00007ffcf5fbb000 	C:\Program Files\Java\jdk-23\bin\VCRUNTIME140.dll
0x00007ffd1be70000 - 0x00007ffd1c01d000 	C:\windows\System32\USER32.dll
0x00007ffd1ad90000 - 0x00007ffd1adb6000 	C:\windows\System32\win32u.dll
0x00007ffcfde90000 - 0x00007ffcfe135000 	C:\windows\WinSxS\amd64_microsoft.windows.common-controls_6595b64144ccf1df_6.0.22000.120_none_9d947278b86cc467\COMCTL32.dll
0x00007ffd1d740000 - 0x00007ffd1d76a000 	C:\windows\System32\GDI32.dll
0x00007ffd1c020000 - 0x00007ffd1c0c3000 	C:\windows\System32\msvcrt.dll
0x00007ffd1b000000 - 0x00007ffd1b11e000 	C:\windows\System32\gdi32full.dll
0x00007ffd1adc0000 - 0x00007ffd1ae5d000 	C:\windows\System32\msvcp_win.dll
0x00007ffd1d880000 - 0x00007ffd1d8b1000 	C:\windows\System32\IMM32.DLL
0x00007ffd13000000 - 0x00007ffd1300c000 	C:\Program Files\Java\jdk-23\bin\vcruntime140_1.dll
0x00007ffcd8760000 - 0x00007ffcd87ee000 	C:\Program Files\Java\jdk-23\bin\msvcp140.dll
0x00007ffc9f360000 - 0x00007ffca00af000 	C:\Program Files\Java\jdk-23\bin\server\jvm.dll
0x00007ffd1c0d0000 - 0x00007ffd1c17e000 	C:\windows\System32\ADVAPI32.dll
0x00007ffd1d3d0000 - 0x00007ffd1d46e000 	C:\windows\System32\sechost.dll
0x00007ffd1bd40000 - 0x00007ffd1be61000 	C:\windows\System32\RPCRT4.dll
0x00007ffd1b750000 - 0x00007ffd1b7bf000 	C:\windows\System32\WS2_32.dll
0x00007ffd197b0000 - 0x00007ffd197fd000 	C:\windows\SYSTEM32\POWRPROF.dll
0x00007ffd11b60000 - 0x00007ffd11b6a000 	C:\windows\SYSTEM32\VERSION.dll
0x00007ffd10910000 - 0x00007ffd10943000 	C:\windows\SYSTEM32\WINMM.dll
0x00007ffd19790000 - 0x00007ffd197a3000 	C:\windows\SYSTEM32\UMPDC.dll
0x00007ffd19ef0000 - 0x00007ffd19f08000 	C:\windows\SYSTEM32\kernel.appcore.dll
0x00007ffcf72e0000 - 0x00007ffcf72ea000 	C:\Program Files\Java\jdk-23\bin\jimage.dll
0x00007ffd18820000 - 0x00007ffd18a41000 	C:\windows\SYSTEM32\DBGHELP.DLL
0x00007ffcfd5d0000 - 0x00007ffcfd601000 	C:\windows\SYSTEM32\dbgcore.DLL
0x00007ffd1af80000 - 0x00007ffd1afff000 	C:\windows\System32\bcryptPrimitives.dll
0x00007ffcf71c0000 - 0x00007ffcf71cf000 	C:\Program Files\Java\jdk-23\bin\instrument.dll
0x00007ffcedb50000 - 0x00007ffcedb6e000 	C:\Program Files\Java\jdk-23\bin\java.dll
0x00007ffd1d480000 - 0x00007ffd1d61a000 	C:\windows\System32\ole32.dll
0x00007ffd1d050000 - 0x00007ffd1d3c6000 	C:\windows\System32\combase.dll
0x00007ffd1c880000 - 0x00007ffd1d045000 	C:\windows\System32\SHELL32.dll

dbghelp: loaded successfully - version: 4.0.5 - missing functions: none
symbol engine: initialized successfully - sym options: 0x614 - pdb path: .;C:\Program Files\Java\jdk-23\bin;C:\windows\SYSTEM32;C:\windows\WinSxS\amd64_microsoft.windows.common-controls_6595b64144ccf1df_6.0.22000.120_none_9d947278b86cc467;C:\Program Files\Java\jdk-23\bin\server

VM Arguments:
jvm_args: -javaagent:D:\IntelliJ IDEA 2024.3.1.1\lib\idea_rt.jar=62901:D:\IntelliJ IDEA 2024.3.1.1\bin -Dfile.encoding=UTF-8 -Dsun.stdout.encoding=UTF-8 -Dsun.stderr.encoding=UTF-8 
java_command: App
java_class_path (initial): D:\java\1-projects\out\production\1-projects
Launcher Type: SUN_STANDARD

[Global flags]
     intx CICompilerCount                          = 4                                         {product} {ergonomic}
     uint ConcGCThreads                            = 2                                         {product} {ergonomic}
     uint G1ConcRefinementThreads                  = 8                                         {product} {ergonomic}
   size_t G1HeapRegionSize                         = 2097152                                   {product} {ergonomic}
   size_t InitialHeapSize                          = 197132288                                 {product} {ergonomic}
   size_t MarkStackSize                            = 4194304                                   {product} {ergonomic}
   size_t MarkStackSizeMax                         = 536870912                                 {product} {ergonomic}
   size_t MaxHeapSize                              = 3128950784                                {product} {ergonomic}
   size_t MinHeapDeltaBytes                        = 2097152                                   {product} {ergonomic}
   size_t MinHeapSize                              = 8388608                                   {product} {ergonomic}
    uintx NonNMethodCodeHeapSize                   = 5832704                                {pd product} {ergonomic}
    uintx NonProfiledCodeHeapSize                  = 122945536                              {pd product} {ergonomic}
    uintx ProfiledCodeHeapSize                     = 122880000                              {pd product} {ergonomic}
    uintx ReservedCodeCacheSize                    = 251658240                              {pd product} {ergonomic}
     bool SegmentedCodeCache                       = true                                      {product} {ergonomic}
   size_t SoftMaxHeapSize                          = 3128950784                             {manageable} {ergonomic}
     bool UseCompressedOops                        = true                           {product lp64_product} {ergonomic}
     bool UseG1GC                                  = true                                      {product} {ergonomic}
     bool UseLargePagesIndividualAllocation        = false                                  {pd product} {ergonomic}

Logging:
Log output configuration:
 #0: stdout all=warning uptime,level,tags foldmultilines=false
 #1: stderr all=off uptime,level,tags foldmultilines=false

Environment Variables:
PATH=C:\Program Files\Common Files\Oracle\Java\javapath;C:\windows\system32;C:\windows;C:\windows\System32\Wbem;C:\windows\System32\WindowsPowerShell\v1.0\;C:\windows\System32\OpenSSH\;C:\Program Files\Microsoft\Web Platform Installer\;C:\Program Files\Git\cmd;C:\Program Files\HP\HP One Agent;C:\Program Files\nodejs\;C:\Users\Xushn\AppData\Local\Microsoft\WindowsApps;;C:\Users\Xushn\AppData\Local\Programs\Microsoft VS Code\bin;C:\Users\Xushn\AppData\Roaming\npm
USERNAME=Xushn
OS=Windows_NT
PROCESSOR_IDENTIFIER=Intel64 Family 6 Model 140 Stepping 1, GenuineIntel
TMP=C:\Users\Xushn\AppData\Local\Temp
TEMP=C:\Users\Xushn\AppData\Local\Temp




Periodic native trim disabled

---------------  S Y S T E M  ---------------

OS:
 Windows 11 , 64 bit Build 22000 (10.0.22000.2538)
OS uptime: 8 days 4:53 hours

CPU: total 8 (initial active 8) (4 cores per cpu, 2 threads per core) family 6 model 140 stepping 1 microcode 0x9a, cx8, cmov, fxsr, ht, mmx, 3dnowpref, sse, sse2, sse3, ssse3, sse4.1, sse4.2, popcnt, lzcnt, tsc, tscinvbit, avx, avx2, aes, erms, clmul, bmi1, bmi2, adx, avx512f, avx512dq, avx512cd, avx512bw, avx512vl, sha, fma, vzeroupper, avx512_vpopcntdq, avx512_vpclmulqdq, avx512_vaes, avx512_vnni, clflush, clflushopt, clwb, avx512_vbmi2, avx512_vbmi, rdtscp, rdpid, fsrm, gfni, avx512_bitalg, f16c, pku, cet_ibt, cet_ss, avx512_ifma
Processor Information for processor 0
  Max Mhz: 2401, Current Mhz: 2100, Mhz Limit: 2401
Processor Information for processor 1
  Max Mhz: 2401, Current Mhz: 1500, Mhz Limit: 2401
Processor Information for processor 2
  Max Mhz: 2401, Current Mhz: 1100, Mhz Limit: 2401
Processor Information for processor 3
  Max Mhz: 2401, Current Mhz: 1500, Mhz Limit: 2401
Processor Information for processor 4
  Max Mhz: 2401, Current Mhz: 2100, Mhz Limit: 2401
Processor Information for processor 5
  Max Mhz: 2401, Current Mhz: 1500, Mhz Limit: 2401
Processor Information for processor 6
  Max Mhz: 2401, Current Mhz: 2100, Mhz Limit: 2401
Processor Information for processor 7
  Max Mhz: 2401, Current Mhz: 2100, Mhz Limit: 2401

Memory: 4k page, system-wide physical 11930M (1576M free)
TotalPageFile size 13541M (AvailPageFile size 157M)
current process WorkingSet (physical memory assigned to process): 13M, peak: 13M
current process commit charge ("private bytes"): 60M, peak: 248M

vm_info: Java HotSpot(TM) 64-Bit Server VM (23.0.1+11-39) for windows-amd64 JRE (23.0.1+11-39), built on 2024-09-30T07:20:43Z with MS VC++ 17.6 (VS2022)

END.
